Der Buildvorgang wurde am 13.11.2013 17:26:05 gestartet.
     1>Projekt "c:\Users\Fabian\documents\visual studio 2012\Projects\p-it\p-it\p-it.vcxproj" auf Knoten "2", Build Ziel(e).
     1>ClCompile:
         C:\Program Files (x86)\Microsoft Visual Studio 11.0\VC\bin\CL.exe /c /ZI /nologo /W3 /WX- /Od /Oy- /D _MBCS /Gm /EHsc /RTC1 /MDd /GS /fp:precise /Zc:wchar_t /Zc:forScope /Fo"Debug\\" /Fd"Debug\vc110.pdb" /Gd /TP /analyze- /errorReport:prompt "p-it.cpp"
         p-it.cpp
       Link:
         C:\Program Files (x86)\Microsoft Visual Studio 11.0\VC\bin\link.exe /ERRORREPORT:PROMPT /OUT:"c:\users\fabian\documents\visual studio 2012\Projects\p-it\Debug\p-it.exe" /INCREMENTAL /NOLOGO itiv_win_drv.obj kernel32.lib user32.lib gdi32.lib winspool.lib comdlg32.lib advapi32.lib shell32.lib ole32.lib oleaut32.lib uuid.lib odbc32.lib odbccp32.lib /MANIFEST /MANIFESTUAC:"level='asInvoker' uiAccess='false'" /manifest:embed /DEBUG /PDB:"c:\users\fabian\documents\visual studio 2012\Projects\p-it\Debug\p-it.pdb" /TLBID:1 /DYNAMICBASE /NXCOMPAT /IMPLIB:"c:\users\fabian\documents\visual studio 2012\Projects\p-it\Debug\p-it.lib" /MACHINE:X86 Debug\Bibliothek.obj
         Debug\Faktoren.obj
         Debug\Flipflop.obj
         Debug\GatterTyp.obj
         Debug\GraphErzeuger.obj
         Debug\LaufzeitAnalysator.obj
         Debug\Menue.obj
         "Debug\p-it.obj"
         Debug\Signal.obj
         Debug\SignalListeErzeuger.obj
     1>itiv_win_drv.obj : warning LNK4099: PDB "vc110.pdb" wurde nicht mit "itiv_win_drv.obj" oder an "c:\users\fabian\documents\visual studio 2012\Projects\p-it\Debug\vc110.pdb" gefunden; Objekt wird verknüpft, als ob keine Debuginformationen vorhanden wären.
         p-it.vcxproj -> c:\users\fabian\documents\visual studio 2012\Projects\p-it\Debug\p-it.exe
     1>Die Erstellung des Projekts "c:\Users\Fabian\documents\visual studio 2012\Projects\p-it\p-it\p-it.vcxproj" ist abgeschlossen, Build Ziel(e).

Build erfolgreich.

Verstrichene Zeit 00:00:02.02
